2020-09-15 11:45:42,153 [Worker-5: Loading available Gradle versions] INFO  o.e.b.c.i.u.g.PublishedGradleVersions - Gradle version information cache is up-to-date. Trying to read.
2020-09-15 15:40:11,588 [Worker-48: Creating project "mall-manager"] INFO  o.e.m.c.i.l.LifecycleMappingFactory - Using org.maven.ide.eclipse.wtp.WarLifecycleMapping lifecycle mapping for MavenProject: org.ljw:mall-manager:0.0.1-SNAPSHOT @ D:\fjny\mall-manager\pom.xml.
2020-09-15 15:40:12,577 [Worker-48: Creating project "mall-manager"] INFO  o.e.m.j.i.AbstractJavaProjectConfigurator - Adding source folder /mall-manager/src/main/java
2020-09-15 15:40:12,578 [Worker-48: Creating project "mall-manager"] INFO  o.e.m.j.i.AbstractJavaProjectConfigurator - Adding resource folder /mall-manager/src/main/resources
2020-09-15 15:40:12,593 [Worker-48: Creating project "mall-manager"] INFO  o.e.m.j.i.AbstractJavaProjectConfigurator - Adding source folder /mall-manager/src/test/java
2020-09-15 15:40:12,593 [Worker-48: Creating project "mall-manager"] INFO  o.e.m.j.i.AbstractJavaProjectConfigurator - Adding resource folder /mall-manager/src/test/resources
2020-09-15 15:40:15,409 [Worker-45: Building workspace] INFO  o.e.m.c.i.embedder.EclipseLogger - Using 'UTF-8' encoding to copy filtered resources.
2020-09-15 15:40:15,414 [Worker-45: Building workspace] INFO  o.e.m.c.i.embedder.EclipseLogger - Copying 0 resource
2020-09-15 15:40:15,416 [Worker-45: Building workspace] INFO  o.e.m.c.i.embedder.EclipseLogger - Using 'UTF-8' encoding to copy filtered resources.
2020-09-15 15:40:15,416 [Worker-45: Building workspace] INFO  o.e.m.c.i.embedder.EclipseLogger - Copying 0 resource
2020-09-15 15:40:16,527 [Worker-45: Building workspace] INFO  o.e.m.c.i.embedder.EclipseLogger - Using 'UTF-8' encoding to copy filtered resources.
2020-09-15 15:40:16,530 [Worker-45: Building workspace] INFO  o.e.m.c.i.embedder.EclipseLogger - Copying 0 resource
2020-09-15 15:40:16,531 [Worker-45: Building workspace] INFO  o.e.m.c.i.embedder.EclipseLogger - Using 'UTF-8' encoding to copy filtered resources.
2020-09-15 15:40:16,531 [Worker-45: Building workspace] INFO  o.e.m.c.i.embedder.EclipseLogger - Copying 0 resource
2020-09-15 15:40:49,671 [Worker-48: Building workspace] INFO  o.e.m.c.i.l.LifecycleMappingFactory - Using org.maven.ide.eclipse.wtp.WarLifecycleMapping lifecycle mapping for MavenProject: org.ljw:mall-manager:0.0.1-SNAPSHOT @ D:\fjny\mall-manager\pom.xml.
2020-09-15 15:40:50,654 [Worker-48: Building workspace] INFO  o.e.m.c.i.embedder.EclipseLogger - Using 'UTF-8' encoding to copy filtered resources.
2020-09-15 15:40:50,657 [Worker-48: Building workspace] INFO  o.e.m.c.i.embedder.EclipseLogger - Copying 0 resource
2020-09-15 15:40:50,658 [Worker-48: Building workspace] INFO  o.e.m.c.i.embedder.EclipseLogger - Using 'UTF-8' encoding to copy filtered resources.
2020-09-15 15:40:50,659 [Worker-48: Building workspace] INFO  o.e.m.c.i.embedder.EclipseLogger - Copying 0 resource
2020-09-15 15:40:50,659 [Worker-48: Building workspace] INFO  o.e.m.w.i.f.ResourceFilteringBuildParticipant - Changed resources require a complete clean of filtered resources of mall-manager
2020-09-15 15:40:50,659 [Worker-48: Building workspace] INFO  o.e.m.w.i.f.ResourceFilteringBuildParticipant - Executing resource filtering for mall-manager
2020-09-15 15:40:50,664 [Worker-48: Building workspace] INFO  o.e.m.c.i.embedder.EclipseLogger - Using 'UTF-8' encoding to copy filtered resources.
2020-09-15 15:40:51,846 [Worker-51: Download sources and javadoc] ERROR o.e.m.j.internal.DownloadSourcesJob - Could not download sources for org.ljw:mall-common:0.0.1-SNAPSHOT
org.eclipse.core.runtime.CoreException: Could not resolve artifact org.ljw:mall-common:jar:sources:0.0.1-SNAPSHOT
	at org.eclipse.m2e.core.internal.embedder.MavenImpl.lambda$4(MavenImpl.java:801) ~[org.eclipse.m2e.core_1.13.0.20190716-1624.jar:na]
	at org.eclipse.m2e.core.internal.embedder.MavenExecutionContext.executeBare(MavenExecutionContext.java:177) ~[org.eclipse.m2e.core_1.13.0.20190716-1624.jar:na]
	at org.eclipse.m2e.core.internal.embedder.MavenExecutionContext.execute(MavenExecutionContext.java:112) ~[org.eclipse.m2e.core_1.13.0.20190716-1624.jar:na]
	at org.eclipse.m2e.core.internal.embedder.MavenExecutionContext.execute(MavenExecutionContext.java:99) ~[org.eclipse.m2e.core_1.13.0.20190716-1624.jar:na]
	at org.eclipse.m2e.core.internal.embedder.MavenImpl.resolve(MavenImpl.java:769) ~[org.eclipse.m2e.core_1.13.0.20190716-1624.jar:na]
	at org.eclipse.m2e.core.internal.embedder.MavenImpl.resolve(MavenImpl.java:746) ~[org.eclipse.m2e.core_1.13.0.20190716-1624.jar:na]
	at org.eclipse.m2e.jdt.internal.DownloadSourcesJob.download(DownloadSourcesJob.java:328) [org.eclipse.m2e.jdt_1.13.0.20190716-1624.jar:na]
	at org.eclipse.m2e.jdt.internal.DownloadSourcesJob.downloadAttachments(DownloadSourcesJob.java:302) [org.eclipse.m2e.jdt_1.13.0.20190716-1624.jar:na]
	at org.eclipse.m2e.jdt.internal.DownloadSourcesJob.downloadMaven(DownloadSourcesJob.java:267) [org.eclipse.m2e.jdt_1.13.0.20190716-1624.jar:na]
	at org.eclipse.m2e.jdt.internal.DownloadSourcesJob.downloadFilesAndPopulateToUpdate(DownloadSourcesJob.java:231) [org.eclipse.m2e.jdt_1.13.0.20190716-1624.jar:na]
	at org.eclipse.m2e.jdt.internal.DownloadSourcesJob.lambda$0(DownloadSourcesJob.java:159) [org.eclipse.m2e.jdt_1.13.0.20190716-1624.jar:na]
	at org.eclipse.m2e.core.internal.embedder.MavenExecutionContext.executeBare(MavenExecutionContext.java:177) ~[org.eclipse.m2e.core_1.13.0.20190716-1624.jar:na]
	at org.eclipse.m2e.core.internal.embedder.MavenExecutionContext.execute(MavenExecutionContext.java:151) ~[org.eclipse.m2e.core_1.13.0.20190716-1624.jar:na]
	at org.eclipse.m2e.core.internal.embedder.MavenExecutionContext.execute(MavenExecutionContext.java:99) ~[org.eclipse.m2e.core_1.13.0.20190716-1624.jar:na]
	at org.eclipse.m2e.core.internal.embedder.MavenImpl.execute(MavenImpl.java:1374) ~[org.eclipse.m2e.core_1.13.0.20190716-1624.jar:na]
	at org.eclipse.m2e.jdt.internal.DownloadSourcesJob.run(DownloadSourcesJob.java:159) [org.eclipse.m2e.jdt_1.13.0.20190716-1624.jar:na]
	at org.eclipse.core.internal.jobs.Worker.run(Worker.java:63) ~[org.eclipse.core.jobs_3.10.500.v20190620-1426.jar:na]
2020-09-15 15:40:55,436 [Worker-51: Building workspace] INFO  o.e.m.c.i.embedder.EclipseLogger - Using 'UTF-8' encoding to copy filtered resources.
2020-09-15 15:40:55,437 [Worker-51: Building workspace] INFO  o.e.m.c.i.embedder.EclipseLogger - Copying 0 resource
2020-09-15 15:40:55,438 [Worker-51: Building workspace] INFO  o.e.m.c.i.embedder.EclipseLogger - Using 'UTF-8' encoding to copy filtered resources.
2020-09-15 15:40:55,439 [Worker-51: Building workspace] INFO  o.e.m.c.i.embedder.EclipseLogger - Copying 0 resource
2020-09-15 15:41:36,993 [Worker-54: Building workspace] INFO  o.e.m.c.i.embedder.EclipseLogger - Using 'UTF-8' encoding to copy filtered resources.
2020-09-15 15:41:36,999 [Worker-54: Building workspace] INFO  o.e.m.c.i.embedder.EclipseLogger - Copying 0 resource
2020-09-15 15:41:37,002 [Worker-54: Building workspace] INFO  o.e.m.c.i.embedder.EclipseLogger - Using 'UTF-8' encoding to copy filtered resources.
2020-09-15 15:41:37,003 [Worker-54: Building workspace] INFO  o.e.m.c.i.embedder.EclipseLogger - Copying 0 resource
2020-09-15 15:41:51,976 [Worker-48: Building workspace] INFO  o.e.m.c.i.embedder.EclipseLogger - Using 'UTF-8' encoding to copy filtered resources.
2020-09-15 15:41:51,977 [Worker-48: Building workspace] INFO  o.e.m.c.i.embedder.EclipseLogger - Copying 0 resource
2020-09-15 15:41:51,979 [Worker-48: Building workspace] INFO  o.e.m.c.i.embedder.EclipseLogger - Using 'UTF-8' encoding to copy filtered resources.
2020-09-15 15:41:51,980 [Worker-48: Building workspace] INFO  o.e.m.c.i.embedder.EclipseLogger - Copying 0 resource
2020-09-15 15:42:11,968 [Worker-52: Building workspace] INFO  o.e.m.c.i.embedder.EclipseLogger - Using 'UTF-8' encoding to copy filtered resources.
2020-09-15 15:42:11,969 [Worker-52: Building workspace] INFO  o.e.m.c.i.embedder.EclipseLogger - Copying 0 resource
2020-09-15 15:42:11,971 [Worker-52: Building workspace] INFO  o.e.m.c.i.embedder.EclipseLogger - Using 'UTF-8' encoding to copy filtered resources.
2020-09-15 15:42:11,971 [Worker-52: Building workspace] INFO  o.e.m.c.i.embedder.EclipseLogger - Copying 0 resource
2020-09-15 15:42:34,527 [Worker-52: Building workspace] INFO  o.e.m.c.i.embedder.EclipseLogger - Using 'UTF-8' encoding to copy filtered resources.
2020-09-15 15:42:34,528 [Worker-52: Building workspace] INFO  o.e.m.c.i.embedder.EclipseLogger - Copying 0 resource
2020-09-15 15:42:34,529 [Worker-52: Building workspace] INFO  o.e.m.c.i.embedder.EclipseLogger - Using 'UTF-8' encoding to copy filtered resources.
2020-09-15 15:42:34,529 [Worker-52: Building workspace] INFO  o.e.m.c.i.embedder.EclipseLogger - Copying 0 resource
2020-09-15 15:43:03,257 [Worker-51: Building workspace] INFO  o.e.m.c.i.l.LifecycleMappingFactory - Using org.maven.ide.eclipse.wtp.WarLifecycleMapping lifecycle mapping for MavenProject: org.ljw:mall-manager:0.0.1-SNAPSHOT @ D:\fjny\mall-manager\pom.xml.
2020-09-15 15:43:03,383 [Worker-51: Building workspace] WARN  o.e.m.c.i.embedder.EclipseLogger - The POM for com.alibaba:druid:jar:1.0.9 is invalid, transitive dependencies (if any) will not be available, enable debug logging for more details
2020-09-15 15:43:03,488 [Worker-51: Building workspace] WARN  o.e.m.c.i.embedder.EclipseLogger - The POM for com.alibaba:druid:jar:1.0.9 is invalid, transitive dependencies (if any) will not be available, enable debug logging for more details
2020-09-15 15:43:03,944 [Worker-51: Building workspace] INFO  o.e.m.c.i.embedder.EclipseLogger - Using 'UTF-8' encoding to copy filtered resources.
2020-09-15 15:43:03,947 [Worker-51: Building workspace] INFO  o.e.m.c.i.embedder.EclipseLogger - Copying 0 resource
2020-09-15 15:43:03,949 [Worker-51: Building workspace] INFO  o.e.m.c.i.embedder.EclipseLogger - Using 'UTF-8' encoding to copy filtered resources.
2020-09-15 15:43:03,949 [Worker-51: Building workspace] INFO  o.e.m.c.i.embedder.EclipseLogger - Copying 0 resource
2020-09-15 15:43:03,950 [Worker-51: Building workspace] INFO  o.e.m.w.i.f.ResourceFilteringBuildParticipant - Changed resources require a complete clean of filtered resources of mall-manager
2020-09-15 15:43:03,950 [Worker-51: Building workspace] INFO  o.e.m.w.i.f.ResourceFilteringBuildParticipant - Executing resource filtering for mall-manager
2020-09-15 15:43:03,953 [Worker-51: Building workspace] INFO  o.e.m.c.i.embedder.EclipseLogger - Using 'UTF-8' encoding to copy filtered resources.
2020-09-15 15:43:04,958 [Worker-51: Download sources and javadoc] WARN  o.e.m.c.i.embedder.EclipseLogger - The POM for com.alibaba:druid:jar:1.0.9 is invalid, transitive dependencies (if any) will not be available, enable debug logging for more details
2020-09-15 15:43:04,980 [Worker-51: Download sources and javadoc] ERROR o.e.m.j.internal.DownloadSourcesJob - Could not download javadoc for org.ljw:mall-common:0.0.1-SNAPSHOT
org.eclipse.core.runtime.CoreException: Could not resolve artifact org.ljw:mall-common:jar:javadoc:0.0.1-SNAPSHOT
	at org.eclipse.m2e.core.internal.embedder.MavenImpl.lambda$4(MavenImpl.java:801) ~[org.eclipse.m2e.core_1.13.0.20190716-1624.jar:na]
	at org.eclipse.m2e.core.internal.embedder.MavenExecutionContext.executeBare(MavenExecutionContext.java:177) ~[org.eclipse.m2e.core_1.13.0.20190716-1624.jar:na]
	at org.eclipse.m2e.core.internal.embedder.MavenExecutionContext.execute(MavenExecutionContext.java:112) ~[org.eclipse.m2e.core_1.13.0.20190716-1624.jar:na]
	at org.eclipse.m2e.core.internal.embedder.MavenExecutionContext.execute(MavenExecutionContext.java:99) ~[org.eclipse.m2e.core_1.13.0.20190716-1624.jar:na]
	at org.eclipse.m2e.core.internal.embedder.MavenImpl.resolve(MavenImpl.java:769) ~[org.eclipse.m2e.core_1.13.0.20190716-1624.jar:na]
	at org.eclipse.m2e.core.internal.embedder.MavenImpl.resolve(MavenImpl.java:746) ~[org.eclipse.m2e.core_1.13.0.20190716-1624.jar:na]
	at org.eclipse.m2e.jdt.internal.DownloadSourcesJob.download(DownloadSourcesJob.java:328) [org.eclipse.m2e.jdt_1.13.0.20190716-1624.jar:na]
	at org.eclipse.m2e.jdt.internal.DownloadSourcesJob.downloadAttachments(DownloadSourcesJob.java:314) [org.eclipse.m2e.jdt_1.13.0.20190716-1624.jar:na]
	at org.eclipse.m2e.jdt.internal.DownloadSourcesJob.downloadMaven(DownloadSourcesJob.java:267) [org.eclipse.m2e.jdt_1.13.0.20190716-1624.jar:na]
	at org.eclipse.m2e.jdt.internal.DownloadSourcesJob.downloadFilesAndPopulateToUpdate(DownloadSourcesJob.java:231) [org.eclipse.m2e.jdt_1.13.0.20190716-1624.jar:na]
	at org.eclipse.m2e.jdt.internal.DownloadSourcesJob.lambda$0(DownloadSourcesJob.java:159) [org.eclipse.m2e.jdt_1.13.0.20190716-1624.jar:na]
	at org.eclipse.m2e.core.internal.embedder.MavenExecutionContext.executeBare(MavenExecutionContext.java:177) ~[org.eclipse.m2e.core_1.13.0.20190716-1624.jar:na]
	at org.eclipse.m2e.core.internal.embedder.MavenExecutionContext.execute(MavenExecutionContext.java:151) ~[org.eclipse.m2e.core_1.13.0.20190716-1624.jar:na]
	at org.eclipse.m2e.core.internal.embedder.MavenExecutionContext.execute(MavenExecutionContext.java:99) ~[org.eclipse.m2e.core_1.13.0.20190716-1624.jar:na]
	at org.eclipse.m2e.core.internal.embedder.MavenImpl.execute(MavenImpl.java:1374) ~[org.eclipse.m2e.core_1.13.0.20190716-1624.jar:na]
	at org.eclipse.m2e.jdt.internal.DownloadSourcesJob.run(DownloadSourcesJob.java:159) [org.eclipse.m2e.jdt_1.13.0.20190716-1624.jar:na]
	at org.eclipse.core.internal.jobs.Worker.run(Worker.java:63) ~[org.eclipse.core.jobs_3.10.500.v20190620-1426.jar:na]
2020-09-15 15:43:04,988 [Worker-52: Building workspace] INFO  o.e.m.c.i.embedder.EclipseLogger - Using 'UTF-8' encoding to copy filtered resources.
2020-09-15 15:43:04,989 [Worker-52: Building workspace] INFO  o.e.m.c.i.embedder.EclipseLogger - Copying 0 resource
2020-09-15 15:43:04,990 [Worker-52: Building workspace] INFO  o.e.m.c.i.embedder.EclipseLogger - Using 'UTF-8' encoding to copy filtered resources.
2020-09-15 15:43:04,991 [Worker-52: Building workspace] INFO  o.e.m.c.i.embedder.EclipseLogger - Copying 0 resource
2020-09-15 15:43:23,707 [Worker-52: Building workspace] INFO  o.e.m.c.i.l.LifecycleMappingFactory - Using org.maven.ide.eclipse.wtp.WarLifecycleMapping lifecycle mapping for MavenProject: org.ljw:mall-manager:0.0.1-SNAPSHOT @ D:\fjny\mall-manager\pom.xml.
2020-09-15 15:43:23,792 [Worker-52: Building workspace] WARN  o.e.m.c.i.embedder.EclipseLogger - The POM for com.alibaba:druid:jar:1.0.9 is invalid, transitive dependencies (if any) will not be available, enable debug logging for more details
2020-09-15 15:43:23,949 [Worker-52: Building workspace] WARN  o.e.m.c.i.embedder.EclipseLogger - The POM for com.alibaba:druid:jar:1.0.9 is invalid, transitive dependencies (if any) will not be available, enable debug logging for more details
2020-09-15 15:43:24,498 [Worker-52: Building workspace] INFO  o.e.m.c.i.embedder.EclipseLogger - Using 'UTF-8' encoding to copy filtered resources.
2020-09-15 15:43:24,501 [Worker-52: Building workspace] INFO  o.e.m.c.i.embedder.EclipseLogger - Copying 0 resource
2020-09-15 15:43:24,503 [Worker-52: Building workspace] INFO  o.e.m.c.i.embedder.EclipseLogger - Using 'UTF-8' encoding to copy filtered resources.
2020-09-15 15:43:24,504 [Worker-52: Building workspace] INFO  o.e.m.c.i.embedder.EclipseLogger - Copying 0 resource
2020-09-15 15:43:24,504 [Worker-52: Building workspace] INFO  o.e.m.w.i.f.ResourceFilteringBuildParticipant - Changed resources require a complete clean of filtered resources of mall-manager
2020-09-15 15:43:24,504 [Worker-52: Building workspace] INFO  o.e.m.w.i.f.ResourceFilteringBuildParticipant - Executing resource filtering for mall-manager
2020-09-15 15:43:24,507 [Worker-52: Building workspace] INFO  o.e.m.c.i.embedder.EclipseLogger - Using 'UTF-8' encoding to copy filtered resources.
2020-09-15 15:43:25,665 [Worker-48: Building workspace] WARN  o.e.m.c.i.embedder.EclipseLogger - The POM for com.alibaba:druid:jar:1.0.9 is invalid, transitive dependencies (if any) will not be available, enable debug logging for more details
2020-09-15 15:43:25,727 [Worker-48: Building workspace] INFO  o.e.m.c.i.embedder.EclipseLogger - Using 'UTF-8' encoding to copy filtered resources.
2020-09-15 15:43:25,727 [Worker-48: Building workspace] INFO  o.e.m.c.i.embedder.EclipseLogger - Copying 0 resource
2020-09-15 15:43:25,728 [Worker-48: Building workspace] INFO  o.e.m.c.i.embedder.EclipseLogger - Using 'UTF-8' encoding to copy filtered resources.
2020-09-15 15:43:25,728 [Worker-48: Building workspace] INFO  o.e.m.c.i.embedder.EclipseLogger - Copying 0 resource
2020-09-15 15:43:40,021 [Worker-45: Building workspace] INFO  o.e.m.c.i.l.LifecycleMappingFactory - Using org.maven.ide.eclipse.wtp.WarLifecycleMapping lifecycle mapping for MavenProject: org.ljw:mall-manager:0.0.1-SNAPSHOT @ D:\fjny\mall-manager\pom.xml.
2020-09-15 15:43:40,148 [Worker-45: Building workspace] WARN  o.e.m.c.i.embedder.EclipseLogger - The POM for com.alibaba:druid:jar:1.0.9 is invalid, transitive dependencies (if any) will not be available, enable debug logging for more details
2020-09-15 15:43:40,335 [Worker-45: Building workspace] WARN  o.e.m.c.i.embedder.EclipseLogger - The POM for com.alibaba:druid:jar:1.0.9 is invalid, transitive dependencies (if any) will not be available, enable debug logging for more details
2020-09-15 15:43:40,866 [Worker-45: Building workspace] INFO  o.e.m.c.i.embedder.EclipseLogger - Using 'UTF-8' encoding to copy filtered resources.
2020-09-15 15:43:40,870 [Worker-45: Building workspace] INFO  o.e.m.c.i.embedder.EclipseLogger - Copying 0 resource
2020-09-15 15:43:40,871 [Worker-45: Building workspace] INFO  o.e.m.c.i.embedder.EclipseLogger - Using 'UTF-8' encoding to copy filtered resources.
2020-09-15 15:43:40,872 [Worker-45: Building workspace] INFO  o.e.m.c.i.embedder.EclipseLogger - Copying 0 resource
2020-09-15 15:43:40,872 [Worker-45: Building workspace] INFO  o.e.m.w.i.f.ResourceFilteringBuildParticipant - Changed resources require a complete clean of filtered resources of mall-manager
2020-09-15 15:43:40,872 [Worker-45: Building workspace] INFO  o.e.m.w.i.f.ResourceFilteringBuildParticipant - Executing resource filtering for mall-manager
2020-09-15 15:43:40,875 [Worker-45: Building workspace] INFO  o.e.m.c.i.embedder.EclipseLogger - Using 'UTF-8' encoding to copy filtered resources.
2020-09-15 15:43:42,068 [Worker-51: Building workspace] WARN  o.e.m.c.i.embedder.EclipseLogger - The POM for com.alibaba:druid:jar:1.0.9 is invalid, transitive dependencies (if any) will not be available, enable debug logging for more details
2020-09-15 15:43:42,157 [Worker-51: Building workspace] INFO  o.e.m.c.i.embedder.EclipseLogger - Using 'UTF-8' encoding to copy filtered resources.
2020-09-15 15:43:42,157 [Worker-51: Building workspace] INFO  o.e.m.c.i.embedder.EclipseLogger - Copying 0 resource
2020-09-15 15:43:42,159 [Worker-51: Building workspace] INFO  o.e.m.c.i.embedder.EclipseLogger - Using 'UTF-8' encoding to copy filtered resources.
2020-09-15 15:43:42,159 [Worker-51: Building workspace] INFO  o.e.m.c.i.embedder.EclipseLogger - Copying 0 resource
2020-09-15 15:43:50,715 [Worker-53: Building workspace] INFO  o.e.m.c.i.l.LifecycleMappingFactory - Using org.maven.ide.eclipse.wtp.WarLifecycleMapping lifecycle mapping for MavenProject: org.ljw:mall-manager:0.0.1-SNAPSHOT @ D:\fjny\mall-manager\pom.xml.
2020-09-15 15:43:50,855 [Worker-53: Building workspace] WARN  o.e.m.c.i.embedder.EclipseLogger - The POM for com.alibaba:druid:jar:1.0.9 is invalid, transitive dependencies (if any) will not be available, enable debug logging for more details
2020-09-15 15:43:51,413 [Worker-53: Building workspace] INFO  o.e.m.c.i.embedder.EclipseLogger - Using 'UTF-8' encoding to copy filtered resources.
2020-09-15 15:43:51,416 [Worker-53: Building workspace] INFO  o.e.m.c.i.embedder.EclipseLogger - Copying 0 resource
2020-09-15 15:43:51,418 [Worker-53: Building workspace] INFO  o.e.m.c.i.embedder.EclipseLogger - Using 'UTF-8' encoding to copy filtered resources.
2020-09-15 15:43:51,418 [Worker-53: Building workspace] INFO  o.e.m.c.i.embedder.EclipseLogger - Copying 0 resource
2020-09-15 15:43:51,418 [Worker-53: Building workspace] INFO  o.e.m.w.i.f.ResourceFilteringBuildParticipant - Changed resources require a complete clean of filtered resources of mall-manager
2020-09-15 15:43:51,418 [Worker-53: Building workspace] INFO  o.e.m.w.i.f.ResourceFilteringBuildParticipant - Executing resource filtering for mall-manager
2020-09-15 15:43:51,421 [Worker-53: Building workspace] INFO  o.e.m.c.i.embedder.EclipseLogger - Using 'UTF-8' encoding to copy filtered resources.
2020-09-15 15:44:08,400 [Worker-51: Building workspace] WARN  o.e.m.c.i.embedder.EclipseLogger - The POM for com.alibaba:druid:jar:1.0.9 is invalid, transitive dependencies (if any) will not be available, enable debug logging for more details
2020-09-15 15:44:08,662 [Worker-51: Building workspace] INFO  o.e.m.c.i.embedder.EclipseLogger - Using 'UTF-8' encoding to copy filtered resources.
2020-09-15 15:44:08,666 [Worker-51: Building workspace] INFO  o.e.m.c.i.embedder.EclipseLogger - Copying 0 resource
2020-09-15 15:44:08,668 [Worker-51: Building workspace] INFO  o.e.m.c.i.embedder.EclipseLogger - Using 'UTF-8' encoding to copy filtered resources.
2020-09-15 15:44:08,668 [Worker-51: Building workspace] INFO  o.e.m.c.i.embedder.EclipseLogger - Copying 0 resource
2020-09-15 15:44:16,697 [Worker-55: Building workspace] INFO  o.e.m.c.i.embedder.EclipseLogger - Using 'UTF-8' encoding to copy filtered resources.
2020-09-15 15:44:16,697 [Worker-55: Building workspace] INFO  o.e.m.c.i.embedder.EclipseLogger - Copying 0 resource
2020-09-15 15:44:16,698 [Worker-55: Building workspace] INFO  o.e.m.c.i.embedder.EclipseLogger - Using 'UTF-8' encoding to copy filtered resources.
2020-09-15 15:44:16,698 [Worker-55: Building workspace] INFO  o.e.m.c.i.embedder.EclipseLogger - Copying 0 resource
2020-09-15 15:44:29,269 [Worker-51: Building workspace] INFO  o.e.m.c.i.embedder.EclipseLogger - Using 'UTF-8' encoding to copy filtered resources.
2020-09-15 15:44:29,270 [Worker-51: Building workspace] INFO  o.e.m.c.i.embedder.EclipseLogger - Copying 0 resource
2020-09-15 15:44:29,271 [Worker-51: Building workspace] INFO  o.e.m.c.i.embedder.EclipseLogger - Using 'UTF-8' encoding to copy filtered resources.
2020-09-15 15:44:29,271 [Worker-51: Building workspace] INFO  o.e.m.c.i.embedder.EclipseLogger - Copying 0 resource
2020-09-15 15:44:45,373 [Worker-51: Building workspace] INFO  o.e.m.c.i.embedder.EclipseLogger - Using 'UTF-8' encoding to copy filtered resources.
2020-09-15 15:44:45,374 [Worker-51: Building workspace] INFO  o.e.m.c.i.embedder.EclipseLogger - Copying 0 resource
2020-09-15 15:44:45,375 [Worker-51: Building workspace] INFO  o.e.m.c.i.embedder.EclipseLogger - Using 'UTF-8' encoding to copy filtered resources.
2020-09-15 15:44:45,375 [Worker-51: Building workspace] INFO  o.e.m.c.i.embedder.EclipseLogger - Copying 0 resource
2020-09-15 15:44:47,584 [Worker-52: Building workspace] INFO  o.e.m.c.i.embedder.EclipseLogger - Using 'UTF-8' encoding to copy filtered resources.
2020-09-15 15:44:47,585 [Worker-52: Building workspace] INFO  o.e.m.c.i.embedder.EclipseLogger - Copying 0 resource
2020-09-15 15:44:47,585 [Worker-52: Building workspace] INFO  o.e.m.c.i.embedder.EclipseLogger - Using 'UTF-8' encoding to copy filtered resources.
2020-09-15 15:44:47,586 [Worker-52: Building workspace] INFO  o.e.m.c.i.embedder.EclipseLogger - Copying 0 resource
2020-09-15 15:45:04,268 [Worker-53: Building workspace] INFO  o.e.m.c.i.embedder.EclipseLogger - Using 'UTF-8' encoding to copy filtered resources.
2020-09-15 15:45:04,268 [Worker-53: Building workspace] INFO  o.e.m.c.i.embedder.EclipseLogger - Copying 0 resource
2020-09-15 15:45:04,269 [Worker-53: Building workspace] INFO  o.e.m.c.i.embedder.EclipseLogger - Using 'UTF-8' encoding to copy filtered resources.
2020-09-15 15:45:04,269 [Worker-53: Building workspace] INFO  o.e.m.c.i.embedder.EclipseLogger - Copying 0 resource
2020-09-15 15:45:32,529 [Worker-51: Building workspace] INFO  o.e.m.c.i.embedder.EclipseLogger - Using 'UTF-8' encoding to copy filtered resources.
2020-09-15 15:45:32,531 [Worker-51: Building workspace] INFO  o.e.m.c.i.embedder.EclipseLogger - Copying 6 resources
2020-09-15 15:45:32,544 [Worker-51: Building workspace] INFO  o.e.m.c.i.embedder.EclipseLogger - Using 'UTF-8' encoding to copy filtered resources.
2020-09-15 15:45:32,544 [Worker-51: Building workspace] INFO  o.e.m.c.i.embedder.EclipseLogger - Copying 0 resource
2020-09-15 15:46:08,687 [Worker-55: Building workspace] INFO  o.e.m.c.i.embedder.EclipseLogger - Using 'UTF-8' encoding to copy filtered resources.
2020-09-15 15:46:08,688 [Worker-55: Building workspace] INFO  o.e.m.c.i.embedder.EclipseLogger - Copying 0 resource
2020-09-15 15:46:08,690 [Worker-55: Building workspace] INFO  o.e.m.c.i.embedder.EclipseLogger - Using 'UTF-8' encoding to copy filtered resources.
2020-09-15 15:46:08,690 [Worker-55: Building workspace] INFO  o.e.m.c.i.embedder.EclipseLogger - Copying 0 resource
2020-09-15 15:46:26,487 [main] INFO  o.e.m2e.actions.ExecutePomAction - Creating new launch configuration
2020-09-15 15:46:33,319 [Worker-45: Launching mall-manager] INFO  o.e.m.i.launch.MavenLaunchDelegate - D:\fjny\mall-manager
2020-09-15 15:46:33,320 [Worker-45: Launching mall-manager] INFO  o.e.m.i.launch.MavenLaunchDelegate -  mvn -B tomcat7:run
2020-09-15 15:46:52,600 [Worker-54: Updating Maven Project] INFO  o.e.m.c.i.p.ProjectConfigurationManager - Update started
2020-09-15 15:46:52,974 [Worker-54: Updating Maven Project] INFO  o.e.m.c.i.l.LifecycleMappingFactory - Using org.maven.ide.eclipse.wtp.WarLifecycleMapping lifecycle mapping for MavenProject: org.ljw:mall-manager:0.0.1-SNAPSHOT @ D:\fjny\mall-manager\pom.xml.
2020-09-15 15:46:53,071 [Worker-54: Updating Maven Project] WARN  o.e.m.c.i.embedder.EclipseLogger - The POM for com.alibaba:druid:jar:1.0.9 is invalid, transitive dependencies (if any) will not be available, enable debug logging for more details
2020-09-15 15:46:53,595 [Worker-54: Updating Maven Project] INFO  o.e.m.j.i.AbstractJavaProjectConfigurator - Adding source folder /mall-manager/src/main/java
2020-09-15 15:46:53,595 [Worker-54: Updating Maven Project] INFO  o.e.m.j.i.AbstractJavaProjectConfigurator - Adding resource folder /mall-manager/src/main/resources
2020-09-15 15:46:53,595 [Worker-54: Updating Maven Project] INFO  o.e.m.j.i.AbstractJavaProjectConfigurator - Adding source folder /mall-manager/src/test/java
2020-09-15 15:46:53,595 [Worker-54: Updating Maven Project] INFO  o.e.m.j.i.AbstractJavaProjectConfigurator - Adding resource folder /mall-manager/src/test/resources
2020-09-15 15:46:54,059 [Worker-54: Updating Maven Project] INFO  o.e.m.w.i.f.ResourceFilteringBuildParticipant - Cleaning filtered folder for mall-manager
2020-09-15 15:46:54,069 [Worker-54: Updating Maven Project] INFO  o.e.m.c.i.p.ProjectConfigurationManager - Update completed: 1 sec
2020-09-15 15:46:54,544 [Worker-56: Building workspace] WARN  o.e.m.c.i.embedder.EclipseLogger - The POM for com.alibaba:druid:jar:1.0.9 is invalid, transitive dependencies (if any) will not be available, enable debug logging for more details
2020-09-15 15:46:54,830 [Worker-56: Building workspace] INFO  o.e.m.c.i.embedder.EclipseLogger - Using 'UTF-8' encoding to copy filtered resources.
2020-09-15 15:46:54,830 [Worker-56: Building workspace] INFO  o.e.m.c.i.embedder.EclipseLogger - Copying 6 resources
2020-09-15 15:46:54,845 [Worker-56: Building workspace] INFO  o.e.m.c.i.embedder.EclipseLogger - Using 'UTF-8' encoding to copy filtered resources.
2020-09-15 15:46:54,845 [Worker-56: Building workspace] INFO  o.e.m.c.i.embedder.EclipseLogger - Copying 0 resource
2020-09-15 15:46:54,845 [Worker-56: Building workspace] INFO  o.e.m.w.i.f.ResourceFilteringBuildParticipant - Changed resources require a complete clean of filtered resources of mall-manager
2020-09-15 15:46:54,845 [Worker-56: Building workspace] INFO  o.e.m.w.i.f.ResourceFilteringBuildParticipant - Executing resource filtering for mall-manager
2020-09-15 15:46:54,848 [Worker-56: Building workspace] INFO  o.e.m.c.i.embedder.EclipseLogger - Using 'UTF-8' encoding to copy filtered resources.
2020-09-15 15:47:56,337 [Worker-51: Building workspace] INFO  o.e.m.c.i.l.LifecycleMappingFactory - Using NULL lifecycle mapping for MavenProject: org.ljw:mall-parent:0.0.1-SNAPSHOT @ D:\fjny\mall-parent\pom.xml.
2020-09-15 15:47:56,653 [Worker-51: Building workspace] INFO  o.e.m.c.i.l.LifecycleMappingFactory - Using org.maven.ide.eclipse.wtp.WarLifecycleMapping lifecycle mapping for MavenProject: org.ljw:mall-manager:0.0.1-SNAPSHOT @ D:\fjny\mall-manager\pom.xml.
2020-09-15 15:47:56,787 [Worker-51: Building workspace] WARN  o.e.m.c.i.embedder.EclipseLogger - The POM for com.alibaba:druid:jar:1.0.9 is invalid, transitive dependencies (if any) will not be available, enable debug logging for more details
2020-09-15 15:47:58,854 [Worker-48: Building workspace] WARN  o.e.m.c.i.embedder.EclipseLogger - The POM for com.alibaba:druid:jar:1.0.9 is invalid, transitive dependencies (if any) will not be available, enable debug logging for more details
2020-09-15 15:47:59,176 [Worker-48: Building workspace] INFO  o.e.m.c.i.embedder.EclipseLogger - Using 'UTF-8' encoding to copy filtered resources.
2020-09-15 15:47:59,179 [Worker-48: Building workspace] INFO  o.e.m.c.i.embedder.EclipseLogger - Copying 0 resource
2020-09-15 15:47:59,180 [Worker-48: Building workspace] INFO  o.e.m.c.i.embedder.EclipseLogger - Using 'UTF-8' encoding to copy filtered resources.
2020-09-15 15:47:59,181 [Worker-48: Building workspace] INFO  o.e.m.c.i.embedder.EclipseLogger - Copying 0 resource
2020-09-15 15:48:13,760 [Worker-54: Building workspace] INFO  o.e.m.c.i.l.LifecycleMappingFactory - Using org.eclipse.m2e.jdt.JarLifecycleMapping lifecycle mapping for MavenProject: org.ljw:mall-common:0.0.1-SNAPSHOT @ D:\fjny\mall-common\pom.xml.
2020-09-15 15:48:13,844 [Worker-54: Building workspace] WARN  o.e.m.c.i.embedder.EclipseLogger - The artifact org.apache.commons:commons-io:jar:1.3.2 has been relocated to commons-io:commons-io:jar:1.3.2
2020-09-15 15:48:13,888 [Worker-54: Building workspace] INFO  o.e.m.c.i.l.LifecycleMappingFactory - Using org.maven.ide.eclipse.wtp.WarLifecycleMapping lifecycle mapping for MavenProject: org.ljw:mall-manager:0.0.1-SNAPSHOT @ D:\fjny\mall-manager\pom.xml.
2020-09-15 15:48:13,914 [Worker-54: Building workspace] WARN  o.e.m.c.i.embedder.EclipseLogger - The POM for com.alibaba:druid:jar:1.0.9 is invalid, transitive dependencies (if any) will not be available, enable debug logging for more details
2020-09-15 15:48:13,958 [Worker-54: Building workspace] INFO  o.e.m.c.i.p.WorkspaceClassifierResolverManager - Resolving P/mall-common: org.ljw:mall-common:0.0.1-SNAPSHOT with classifier  to /mall-common/target/classes
2020-09-15 15:48:14,504 [Worker-54: Building workspace] INFO  o.e.m.c.i.embedder.EclipseLogger - Using 'UTF-8' encoding to copy filtered resources.
2020-09-15 15:48:14,504 [Worker-54: Building workspace] INFO  o.e.m.c.i.embedder.EclipseLogger - Copying 0 resource
2020-09-15 15:48:14,505 [Worker-54: Building workspace] INFO  o.e.m.c.i.embedder.EclipseLogger - Using 'UTF-8' encoding to copy filtered resources.
2020-09-15 15:48:14,505 [Worker-54: Building workspace] INFO  o.e.m.c.i.embedder.EclipseLogger - Copying 0 resource
2020-09-15 15:48:15,123 [Worker-53: Building workspace] WARN  o.e.m.c.i.embedder.EclipseLogger - The artifact org.apache.commons:commons-io:jar:1.3.2 has been relocated to commons-io:commons-io:jar:1.3.2
2020-09-15 15:48:15,138 [Worker-53: Building workspace] INFO  o.e.m.c.i.embedder.EclipseLogger - Using 'UTF-8' encoding to copy filtered resources.
2020-09-15 15:48:15,139 [Worker-53: Building workspace] INFO  o.e.m.c.i.embedder.EclipseLogger - Copying 0 resource
2020-09-15 15:48:15,140 [Worker-53: Building workspace] INFO  o.e.m.c.i.embedder.EclipseLogger - Using 'UTF-8' encoding to copy filtered resources.
2020-09-15 15:48:15,140 [Worker-53: Building workspace] INFO  o.e.m.c.i.embedder.EclipseLogger - Copying 0 resource
2020-09-15 15:48:15,394 [Worker-53: Building workspace] WARN  o.e.m.c.i.embedder.EclipseLogger - The POM for com.alibaba:druid:jar:1.0.9 is invalid, transitive dependencies (if any) will not be available, enable debug logging for more details
2020-09-15 15:48:15,444 [Worker-53: Building workspace] INFO  o.e.m.c.i.p.WorkspaceClassifierResolverManager - Resolving P/mall-common: org.ljw:mall-common:0.0.1-SNAPSHOT with classifier  to /mall-common/target/classes
2020-09-15 15:48:15,483 [Worker-53: Building workspace] INFO  o.e.m.c.i.embedder.EclipseLogger - Using 'UTF-8' encoding to copy filtered resources.
2020-09-15 15:48:15,485 [Worker-53: Building workspace] INFO  o.e.m.c.i.embedder.EclipseLogger - Copying 6 resources
2020-09-15 15:48:15,504 [Worker-53: Building workspace] INFO  o.e.m.c.i.embedder.EclipseLogger - Using 'UTF-8' encoding to copy filtered resources.
2020-09-15 15:48:15,505 [Worker-53: Building workspace] INFO  o.e.m.c.i.embedder.EclipseLogger - Copying 0 resource
2020-09-15 15:48:20,592 [Worker-52: Launching Executing clean in D__fjny_mall-parent] INFO  o.e.m.i.launch.MavenLaunchDelegate - D:\fjny\mall-parent
2020-09-15 15:48:20,592 [Worker-52: Launching Executing clean in D__fjny_mall-parent] INFO  o.e.m.i.launch.MavenLaunchDelegate -  mvn -B clean
2020-09-15 15:48:25,209 [Worker-52: Launching Executing install in D__fjny_mall-parent] INFO  o.e.m.i.launch.MavenLaunchDelegate - D:\fjny\mall-parent
2020-09-15 15:48:25,209 [Worker-52: Launching Executing install in D__fjny_mall-parent] INFO  o.e.m.i.launch.MavenLaunchDelegate -  mvn -B install
2020-09-15 15:48:32,457 [Worker-52: Launching Executing clean in D__fjny_mall-common] INFO  o.e.m.i.launch.MavenLaunchDelegate - D:\fjny\mall-common
2020-09-15 15:48:32,458 [Worker-52: Launching Executing clean in D__fjny_mall-common] INFO  o.e.m.i.launch.MavenLaunchDelegate -  mvn -B clean
2020-09-15 15:48:34,518 [Worker-53: Building workspace] INFO  o.e.m.c.i.embedder.EclipseLogger - Using 'UTF-8' encoding to copy filtered resources.
2020-09-15 15:48:34,518 [Worker-53: Building workspace] INFO  o.e.m.c.i.embedder.EclipseLogger - Copying 0 resource
2020-09-15 15:48:34,519 [Worker-53: Building workspace] INFO  o.e.m.c.i.embedder.EclipseLogger - Using 'UTF-8' encoding to copy filtered resources.
2020-09-15 15:48:34,519 [Worker-53: Building workspace] INFO  o.e.m.c.i.embedder.EclipseLogger - Copying 0 resource
2020-09-15 15:48:37,767 [Worker-54: Launching Executing install in D__fjny_mall-common] INFO  o.e.m.i.launch.MavenLaunchDelegate - D:\fjny\mall-common
2020-09-15 15:48:37,768 [Worker-54: Launching Executing install in D__fjny_mall-common] INFO  o.e.m.i.launch.MavenLaunchDelegate -  mvn -B install
2020-09-15 15:48:40,244 [Worker-53: Building workspace] INFO  o.e.m.c.i.embedder.EclipseLogger - Using 'UTF-8' encoding to copy filtered resources.
2020-09-15 15:48:40,245 [Worker-53: Building workspace] INFO  o.e.m.c.i.embedder.EclipseLogger - Copying 0 resource
2020-09-15 15:48:40,245 [Worker-53: Building workspace] INFO  o.e.m.c.i.embedder.EclipseLogger - Using 'UTF-8' encoding to copy filtered resources.
2020-09-15 15:48:40,245 [Worker-53: Building workspace] INFO  o.e.m.c.i.embedder.EclipseLogger - Copying 0 resource
2020-09-15 15:49:06,610 [Worker-56: Building workspace] INFO  o.e.m.c.i.embedder.EclipseLogger - Using 'UTF-8' encoding to copy filtered resources.
2020-09-15 15:49:06,611 [Worker-56: Building workspace] INFO  o.e.m.c.i.embedder.EclipseLogger - Copying 0 resource
2020-09-15 15:49:06,612 [Worker-56: Building workspace] INFO  o.e.m.c.i.embedder.EclipseLogger - Using 'UTF-8' encoding to copy filtered resources.
2020-09-15 15:49:06,612 [Worker-56: Building workspace] INFO  o.e.m.c.i.embedder.EclipseLogger - Copying 0 resource
2020-09-15 15:49:06,816 [Worker-56: Building workspace] INFO  o.e.m.c.i.embedder.EclipseLogger - Using 'UTF-8' encoding to copy filtered resources.
2020-09-15 15:49:06,817 [Worker-56: Building workspace] INFO  o.e.m.c.i.embedder.EclipseLogger - Copying 6 resources
2020-09-15 15:49:06,828 [Worker-56: Building workspace] INFO  o.e.m.c.i.embedder.EclipseLogger - Using 'UTF-8' encoding to copy filtered resources.
2020-09-15 15:49:06,828 [Worker-56: Building workspace] INFO  o.e.m.c.i.embedder.EclipseLogger - Copying 0 resource
2020-09-15 15:49:14,570 [Worker-51: Building workspace] INFO  o.e.m.c.i.embedder.EclipseLogger - Using 'UTF-8' encoding to copy filtered resources.
2020-09-15 15:49:14,570 [Worker-51: Building workspace] INFO  o.e.m.c.i.embedder.EclipseLogger - Copying 0 resource
2020-09-15 15:49:14,570 [Worker-51: Building workspace] INFO  o.e.m.c.i.embedder.EclipseLogger - Using 'UTF-8' encoding to copy filtered resources.
2020-09-15 15:49:14,571 [Worker-51: Building workspace] INFO  o.e.m.c.i.embedder.EclipseLogger - Copying 0 resource
2020-09-15 15:49:14,580 [Worker-51: Building workspace] INFO  o.e.m.c.i.embedder.EclipseLogger - Using 'UTF-8' encoding to copy filtered resources.
2020-09-15 15:49:14,580 [Worker-51: Building workspace] INFO  o.e.m.c.i.embedder.EclipseLogger - Copying 0 resource
2020-09-15 15:49:14,581 [Worker-51: Building workspace] INFO  o.e.m.c.i.embedder.EclipseLogger - Using 'UTF-8' encoding to copy filtered resources.
2020-09-15 15:49:14,581 [Worker-51: Building workspace] INFO  o.e.m.c.i.embedder.EclipseLogger - Copying 0 resource
2020-09-15 15:49:19,052 [Worker-48: Launching Executing install in D__fjny_mall-common] INFO  o.e.m.i.launch.MavenLaunchDelegate - D:\fjny\mall-common
2020-09-15 15:49:19,052 [Worker-48: Launching Executing install in D__fjny_mall-common] INFO  o.e.m.i.launch.MavenLaunchDelegate -  mvn -B install
2020-09-15 15:49:22,028 [Worker-54: Building workspace] INFO  o.e.m.c.i.embedder.EclipseLogger - Using 'UTF-8' encoding to copy filtered resources.
2020-09-15 15:49:22,029 [Worker-54: Building workspace] INFO  o.e.m.c.i.embedder.EclipseLogger - Copying 0 resource
2020-09-15 15:49:22,029 [Worker-54: Building workspace] INFO  o.e.m.c.i.embedder.EclipseLogger - Using 'UTF-8' encoding to copy filtered resources.
2020-09-15 15:49:22,030 [Worker-54: Building workspace] INFO  o.e.m.c.i.embedder.EclipseLogger - Copying 0 resource
2020-09-15 15:49:34,572 [Worker-54: Launching mall-manager] INFO  o.e.m.i.launch.MavenLaunchDelegate - D:\fjny\mall-manager
2020-09-15 15:49:34,572 [Worker-54: Launching mall-manager] INFO  o.e.m.i.launch.MavenLaunchDelegate -  mvn -B tomcat7:run
2020-09-15 15:49:52,570 [Worker-55: Launching mall-manager] INFO  o.e.m.i.launch.MavenLaunchDelegate - D:\fjny\mall-manager
2020-09-15 15:49:52,570 [Worker-55: Launching mall-manager] INFO  o.e.m.i.launch.MavenLaunchDelegate -  mvn -B tomcat7:run
2020-09-15 15:57:47,843 [Worker-57: Building workspace] INFO  o.e.m.c.i.embedder.EclipseLogger - Using 'UTF-8' encoding to copy filtered resources.
2020-09-15 15:57:47,844 [Worker-57: Building workspace] INFO  o.e.m.c.i.embedder.EclipseLogger - Copying 0 resource
2020-09-15 15:57:47,844 [Worker-57: Building workspace] INFO  o.e.m.c.i.embedder.EclipseLogger - Using 'UTF-8' encoding to copy filtered resources.
2020-09-15 15:57:47,844 [Worker-57: Building workspace] INFO  o.e.m.c.i.embedder.EclipseLogger - Copying 0 resource
2020-09-15 16:00:00,020 [Worker-55: Building workspace] INFO  o.e.m.c.i.embedder.EclipseLogger - Using 'UTF-8' encoding to copy filtered resources.
2020-09-15 16:00:00,020 [Worker-55: Building workspace] INFO  o.e.m.c.i.embedder.EclipseLogger - Copying 0 resource
2020-09-15 16:00:00,021 [Worker-55: Building workspace] INFO  o.e.m.c.i.embedder.EclipseLogger - Using 'UTF-8' encoding to copy filtered resources.
2020-09-15 16:00:00,021 [Worker-55: Building workspace] INFO  o.e.m.c.i.embedder.EclipseLogger - Copying 0 resource
2020-09-15 16:00:24,240 [Worker-48: Building workspace] INFO  o.e.m.c.i.embedder.EclipseLogger - Using 'UTF-8' encoding to copy filtered resources.
2020-09-15 16:00:24,240 [Worker-48: Building workspace] INFO  o.e.m.c.i.embedder.EclipseLogger - Copying 0 resource
2020-09-15 16:00:24,240 [Worker-48: Building workspace] INFO  o.e.m.c.i.embedder.EclipseLogger - Using 'UTF-8' encoding to copy filtered resources.
2020-09-15 16:00:24,241 [Worker-48: Building workspace] INFO  o.e.m.c.i.embedder.EclipseLogger - Copying 0 resource
2020-09-15 16:01:04,105 [Worker-58: Building workspace] INFO  o.e.m.c.i.embedder.EclipseLogger - Using 'UTF-8' encoding to copy filtered resources.
2020-09-15 16:01:04,105 [Worker-58: Building workspace] INFO  o.e.m.c.i.embedder.EclipseLogger - Copying 1 resource
2020-09-15 16:01:04,107 [Worker-58: Building workspace] INFO  o.e.m.c.i.embedder.EclipseLogger - Using 'UTF-8' encoding to copy filtered resources.
2020-09-15 16:01:04,107 [Worker-58: Building workspace] INFO  o.e.m.c.i.embedder.EclipseLogger - Copying 0 resource
2020-09-15 16:01:18,436 [Worker-54: Launching mall-manager] INFO  o.e.m.i.launch.MavenLaunchDelegate - D:\fjny\mall-manager
2020-09-15 16:01:18,436 [Worker-54: Launching mall-manager] INFO  o.e.m.i.launch.MavenLaunchDelegate -  mvn -B tomcat7:run
2020-09-15 16:02:23,582 [Worker-55: Building workspace] INFO  o.e.m.c.i.embedder.EclipseLogger - Using 'UTF-8' encoding to copy filtered resources.
2020-09-15 16:02:23,583 [Worker-55: Building workspace] INFO  o.e.m.c.i.embedder.EclipseLogger - Copying 1 resource
2020-09-15 16:02:23,585 [Worker-55: Building workspace] INFO  o.e.m.c.i.embedder.EclipseLogger - Using 'UTF-8' encoding to copy filtered resources.
2020-09-15 16:02:23,585 [Worker-55: Building workspace] INFO  o.e.m.c.i.embedder.EclipseLogger - Copying 0 resource
2020-09-15 16:02:40,980 [Worker-54: Launching mall-manager] INFO  o.e.m.i.launch.MavenLaunchDelegate - D:\fjny\mall-manager
2020-09-15 16:02:40,980 [Worker-54: Launching mall-manager] INFO  o.e.m.i.launch.MavenLaunchDelegate -  mvn -B tomcat7:run
2020-09-15 16:07:24,936 [Worker-59: Launching mall-manager] INFO  o.e.m.i.launch.MavenLaunchDelegate - D:\fjny\mall-manager
2020-09-15 16:07:24,937 [Worker-59: Launching mall-manager] INFO  o.e.m.i.launch.MavenLaunchDelegate -  mvn -B tomcat7:run
2020-09-15 16:09:39,825 [Worker-57: Launching mall-manager] INFO  o.e.m.i.launch.MavenLaunchDelegate - D:\fjny\mall-manager
2020-09-15 16:09:39,826 [Worker-57: Launching mall-manager] INFO  o.e.m.i.launch.MavenLaunchDelegate -  mvn -B tomcat7:run
2020-09-15 16:14:29,594 [Worker-64: Building workspace] INFO  o.e.m.c.i.embedder.EclipseLogger - Using 'UTF-8' encoding to copy filtered resources.
2020-09-15 16:14:29,594 [Worker-64: Building workspace] INFO  o.e.m.c.i.embedder.EclipseLogger - Copying 0 resource
2020-09-15 16:14:29,594 [Worker-64: Building workspace] INFO  o.e.m.c.i.embedder.EclipseLogger - Using 'UTF-8' encoding to copy filtered resources.
2020-09-15 16:14:29,595 [Worker-64: Building workspace] INFO  o.e.m.c.i.embedder.EclipseLogger - Copying 0 resource
2020-09-15 16:30:40,997 [Worker-68: Building workspace] INFO  o.e.m.c.i.embedder.EclipseLogger - Using 'UTF-8' encoding to copy filtered resources.
2020-09-15 16:30:41,000 [Worker-68: Building workspace] INFO  o.e.m.c.i.embedder.EclipseLogger - Copying 6 resources
2020-09-15 16:30:41,004 [Worker-68: Building workspace] INFO  o.e.m.c.i.embedder.EclipseLogger - Using 'UTF-8' encoding to copy filtered resources.
2020-09-15 16:30:41,004 [Worker-68: Building workspace] INFO  o.e.m.c.i.embedder.EclipseLogger - Copying 0 resource
2020-09-15 16:33:46,023 [Worker-70: Building workspace] INFO  o.e.m.c.i.embedder.EclipseLogger - Using 'UTF-8' encoding to copy filtered resources.
2020-09-15 16:33:46,024 [Worker-70: Building workspace] INFO  o.e.m.c.i.embedder.EclipseLogger - Copying 6 resources
2020-09-15 16:33:46,026 [Worker-70: Building workspace] INFO  o.e.m.c.i.embedder.EclipseLogger - Using 'UTF-8' encoding to copy filtered resources.
2020-09-15 16:33:46,026 [Worker-70: Building workspace] INFO  o.e.m.c.i.embedder.EclipseLogger - Copying 0 resource
2020-09-15 16:34:27,555 [Worker-66: Building workspace] INFO  o.e.m.c.i.embedder.EclipseLogger - Using 'UTF-8' encoding to copy filtered resources.
2020-09-15 16:34:27,557 [Worker-66: Building workspace] INFO  o.e.m.c.i.embedder.EclipseLogger - Copying 6 resources
2020-09-15 16:34:27,558 [Worker-66: Building workspace] INFO  o.e.m.c.i.embedder.EclipseLogger - Using 'UTF-8' encoding to copy filtered resources.
2020-09-15 16:34:27,559 [Worker-66: Building workspace] INFO  o.e.m.c.i.embedder.EclipseLogger - Copying 0 resource
2020-09-15 16:35:01,010 [Worker-70: Building workspace] INFO  o.e.m.c.i.embedder.EclipseLogger - Using 'UTF-8' encoding to copy filtered resources.
2020-09-15 16:35:01,011 [Worker-70: Building workspace] INFO  o.e.m.c.i.embedder.EclipseLogger - Copying 6 resources
2020-09-15 16:35:01,013 [Worker-70: Building workspace] INFO  o.e.m.c.i.embedder.EclipseLogger - Using 'UTF-8' encoding to copy filtered resources.
2020-09-15 16:35:01,013 [Worker-70: Building workspace] INFO  o.e.m.c.i.embedder.EclipseLogger - Copying 0 resource
2020-09-15 16:36:02,190 [Worker-70: Building workspace] INFO  o.e.m.c.i.embedder.EclipseLogger - Using 'UTF-8' encoding to copy filtered resources.
2020-09-15 16:36:02,191 [Worker-70: Building workspace] INFO  o.e.m.c.i.embedder.EclipseLogger - Copying 6 resources
2020-09-15 16:36:02,194 [Worker-70: Building workspace] INFO  o.e.m.c.i.embedder.EclipseLogger - Using 'UTF-8' encoding to copy filtered resources.
2020-09-15 16:36:02,194 [Worker-70: Building workspace] INFO  o.e.m.c.i.embedder.EclipseLogger - Copying 0 resource
2020-09-15 16:36:46,810 [Worker-70: Building workspace] INFO  o.e.m.c.i.embedder.EclipseLogger - Using 'UTF-8' encoding to copy filtered resources.
2020-09-15 16:36:46,813 [Worker-70: Building workspace] INFO  o.e.m.c.i.embedder.EclipseLogger - Copying 6 resources
2020-09-15 16:36:46,816 [Worker-70: Building workspace] INFO  o.e.m.c.i.embedder.EclipseLogger - Using 'UTF-8' encoding to copy filtered resources.
2020-09-15 16:36:46,816 [Worker-70: Building workspace] INFO  o.e.m.c.i.embedder.EclipseLogger - Copying 0 resource
2020-09-15 16:37:16,139 [Worker-64: Building workspace] INFO  o.e.m.c.i.embedder.EclipseLogger - Using 'UTF-8' encoding to copy filtered resources.
2020-09-15 16:37:16,141 [Worker-64: Building workspace] INFO  o.e.m.c.i.embedder.EclipseLogger - Copying 6 resources
2020-09-15 16:37:16,143 [Worker-64: Building workspace] INFO  o.e.m.c.i.embedder.EclipseLogger - Using 'UTF-8' encoding to copy filtered resources.
2020-09-15 16:37:16,143 [Worker-64: Building workspace] INFO  o.e.m.c.i.embedder.EclipseLogger - Copying 0 resource
2020-09-15 16:38:25,808 [Worker-72: Building workspace] INFO  o.e.m.c.i.embedder.EclipseLogger - Using 'UTF-8' encoding to copy filtered resources.
2020-09-15 16:38:25,810 [Worker-72: Building workspace] INFO  o.e.m.c.i.embedder.EclipseLogger - Copying 6 resources
2020-09-15 16:38:25,813 [Worker-72: Building workspace] INFO  o.e.m.c.i.embedder.EclipseLogger - Using 'UTF-8' encoding to copy filtered resources.
2020-09-15 16:38:25,813 [Worker-72: Building workspace] INFO  o.e.m.c.i.embedder.EclipseLogger - Copying 0 resource
2020-09-15 16:39:01,132 [Worker-71: Building workspace] INFO  o.e.m.c.i.embedder.EclipseLogger - Using 'UTF-8' encoding to copy filtered resources.
2020-09-15 16:39:01,134 [Worker-71: Building workspace] INFO  o.e.m.c.i.embedder.EclipseLogger - Copying 6 resources
2020-09-15 16:39:01,136 [Worker-71: Building workspace] INFO  o.e.m.c.i.embedder.EclipseLogger - Using 'UTF-8' encoding to copy filtered resources.
2020-09-15 16:39:01,137 [Worker-71: Building workspace] INFO  o.e.m.c.i.embedder.EclipseLogger - Copying 0 resource
2020-09-15 16:39:57,163 [Worker-66: Building workspace] INFO  o.e.m.c.i.embedder.EclipseLogger - Using 'UTF-8' encoding to copy filtered resources.
2020-09-15 16:39:57,164 [Worker-66: Building workspace] INFO  o.e.m.c.i.embedder.EclipseLogger - Copying 6 resources
2020-09-15 16:39:57,166 [Worker-66: Building workspace] INFO  o.e.m.c.i.embedder.EclipseLogger - Using 'UTF-8' encoding to copy filtered resources.
2020-09-15 16:39:57,166 [Worker-66: Building workspace] INFO  o.e.m.c.i.embedder.EclipseLogger - Copying 0 resource
2020-09-15 16:40:07,900 [Worker-73: Building workspace] INFO  o.e.m.c.i.embedder.EclipseLogger - Using 'UTF-8' encoding to copy filtered resources.
2020-09-15 16:40:07,901 [Worker-73: Building workspace] INFO  o.e.m.c.i.embedder.EclipseLogger - Copying 6 resources
2020-09-15 16:40:07,903 [Worker-73: Building workspace] INFO  o.e.m.c.i.embedder.EclipseLogger - Using 'UTF-8' encoding to copy filtered resources.
2020-09-15 16:40:07,903 [Worker-73: Building workspace] INFO  o.e.m.c.i.embedder.EclipseLogger - Copying 0 resource
2020-09-15 16:40:42,946 [Worker-73: Building workspace] INFO  o.e.m.c.i.embedder.EclipseLogger - Using 'UTF-8' encoding to copy filtered resources.
2020-09-15 16:40:42,948 [Worker-73: Building workspace] INFO  o.e.m.c.i.embedder.EclipseLogger - Copying 6 resources
2020-09-15 16:40:42,950 [Worker-73: Building workspace] INFO  o.e.m.c.i.embedder.EclipseLogger - Using 'UTF-8' encoding to copy filtered resources.
2020-09-15 16:40:42,951 [Worker-73: Building workspace] INFO  o.e.m.c.i.embedder.EclipseLogger - Copying 0 resource
2020-09-15 16:40:57,684 [Worker-66: Building workspace] INFO  o.e.m.c.i.embedder.EclipseLogger - Using 'UTF-8' encoding to copy filtered resources.
2020-09-15 16:40:57,685 [Worker-66: Building workspace] INFO  o.e.m.c.i.embedder.EclipseLogger - Copying 6 resources
2020-09-15 16:40:57,686 [Worker-66: Building workspace] INFO  o.e.m.c.i.embedder.EclipseLogger - Using 'UTF-8' encoding to copy filtered resources.
2020-09-15 16:40:57,686 [Worker-66: Building workspace] INFO  o.e.m.c.i.embedder.EclipseLogger - Copying 0 resource
2020-09-15 16:42:23,833 [Worker-72: Building workspace] INFO  o.e.m.c.i.embedder.EclipseLogger - Using 'UTF-8' encoding to copy filtered resources.
2020-09-15 16:42:23,835 [Worker-72: Building workspace] INFO  o.e.m.c.i.embedder.EclipseLogger - Copying 6 resources
2020-09-15 16:42:23,836 [Worker-72: Building workspace] INFO  o.e.m.c.i.embedder.EclipseLogger - Using 'UTF-8' encoding to copy filtered resources.
2020-09-15 16:42:23,836 [Worker-72: Building workspace] INFO  o.e.m.c.i.embedder.EclipseLogger - Copying 0 resource
2020-09-15 16:42:27,085 [Worker-64: Building workspace] INFO  o.e.m.c.i.embedder.EclipseLogger - Using 'UTF-8' encoding to copy filtered resources.
2020-09-15 16:42:27,086 [Worker-64: Building workspace] INFO  o.e.m.c.i.embedder.EclipseLogger - Copying 6 resources
2020-09-15 16:42:27,088 [Worker-64: Building workspace] INFO  o.e.m.c.i.embedder.EclipseLogger - Using 'UTF-8' encoding to copy filtered resources.
2020-09-15 16:42:27,088 [Worker-64: Building workspace] INFO  o.e.m.c.i.embedder.EclipseLogger - Copying 0 resource
2020-09-15 16:42:37,857 [Worker-66: Building workspace] INFO  o.e.m.c.i.embedder.EclipseLogger - Using 'UTF-8' encoding to copy filtered resources.
2020-09-15 16:42:37,859 [Worker-66: Building workspace] INFO  o.e.m.c.i.embedder.EclipseLogger - Copying 6 resources
2020-09-15 16:42:37,860 [Worker-66: Building workspace] INFO  o.e.m.c.i.embedder.EclipseLogger - Using 'UTF-8' encoding to copy filtered resources.
2020-09-15 16:42:37,860 [Worker-66: Building workspace] INFO  o.e.m.c.i.embedder.EclipseLogger - Copying 0 resource
2020-09-15 16:42:41,891 [Worker-69: Building workspace] INFO  o.e.m.c.i.embedder.EclipseLogger - Using 'UTF-8' encoding to copy filtered resources.
2020-09-15 16:42:41,893 [Worker-69: Building workspace] INFO  o.e.m.c.i.embedder.EclipseLogger - Copying 6 resources
2020-09-15 16:42:41,894 [Worker-69: Building workspace] INFO  o.e.m.c.i.embedder.EclipseLogger - Using 'UTF-8' encoding to copy filtered resources.
2020-09-15 16:42:41,894 [Worker-69: Building workspace] INFO  o.e.m.c.i.embedder.EclipseLogger - Copying 0 resource
2020-09-15 16:43:19,179 [Worker-71: Building workspace] INFO  o.e.m.c.i.embedder.EclipseLogger - Using 'UTF-8' encoding to copy filtered resources.
2020-09-15 16:43:19,180 [Worker-71: Building workspace] INFO  o.e.m.c.i.embedder.EclipseLogger - Copying 6 resources
2020-09-15 16:43:19,181 [Worker-71: Building workspace] INFO  o.e.m.c.i.embedder.EclipseLogger - Using 'UTF-8' encoding to copy filtered resources.
2020-09-15 16:43:19,181 [Worker-71: Building workspace] INFO  o.e.m.c.i.embedder.EclipseLogger - Copying 0 resource
2020-09-15 16:45:30,932 [Worker-70: Launching mall-manager] INFO  o.e.m.i.launch.MavenLaunchDelegate - D:\fjny\mall-manager
2020-09-15 16:45:30,932 [Worker-70: Launching mall-manager] INFO  o.e.m.i.launch.MavenLaunchDelegate -  mvn -B tomcat7:run
2020-09-15 16:45:31,062 [Worker-71: Building workspace] INFO  o.e.m.c.i.embedder.EclipseLogger - Using 'UTF-8' encoding to copy filtered resources.
2020-09-15 16:45:31,063 [Worker-71: Building workspace] INFO  o.e.m.c.i.embedder.EclipseLogger - Copying 6 resources
2020-09-15 16:45:31,065 [Worker-71: Building workspace] INFO  o.e.m.c.i.embedder.EclipseLogger - Using 'UTF-8' encoding to copy filtered resources.
2020-09-15 16:45:31,065 [Worker-71: Building workspace] INFO  o.e.m.c.i.embedder.EclipseLogger - Copying 0 resource
2020-09-15 16:46:16,460 [Worker-71: Launching mall-manager] INFO  o.e.m.i.launch.MavenLaunchDelegate - D:\fjny\mall-manager
2020-09-15 16:46:16,461 [Worker-71: Launching mall-manager] INFO  o.e.m.i.launch.MavenLaunchDelegate -  mvn -B tomcat7:run
2020-09-15 16:47:05,915 [Worker-68: Building workspace] INFO  o.e.m.c.i.embedder.EclipseLogger - Using 'UTF-8' encoding to copy filtered resources.
2020-09-15 16:47:05,917 [Worker-68: Building workspace] INFO  o.e.m.c.i.embedder.EclipseLogger - Copying 6 resources
2020-09-15 16:47:05,919 [Worker-68: Building workspace] INFO  o.e.m.c.i.embedder.EclipseLogger - Using 'UTF-8' encoding to copy filtered resources.
2020-09-15 16:47:05,920 [Worker-68: Building workspace] INFO  o.e.m.c.i.embedder.EclipseLogger - Copying 0 resource
2020-09-15 16:47:39,799 [Worker-69: Launching mall-manager] INFO  o.e.m.i.launch.MavenLaunchDelegate - D:\fjny\mall-manager
2020-09-15 16:47:39,799 [Worker-69: Launching mall-manager] INFO  o.e.m.i.launch.MavenLaunchDelegate -  mvn -B tomcat7:run
2020-09-15 16:51:45,964 [Worker-75: Launching mall-manager] INFO  o.e.m.i.launch.MavenLaunchDelegate - D:\fjny\mall-manager
2020-09-15 16:51:45,964 [Worker-75: Launching mall-manager] INFO  o.e.m.i.launch.MavenLaunchDelegate -  mvn -B tomcat7:run
2020-09-15 16:57:58,439 [Worker-76: Launching mall-deplogy] INFO  o.e.m.i.launch.MavenLaunchDelegate - D:\fjny\mall-manager
2020-09-15 16:57:58,440 [Worker-76: Launching mall-deplogy] INFO  o.e.m.i.launch.MavenLaunchDelegate -  mvn -B tomcat7:deploy
2020-09-15 16:59:49,361 [Worker-81: Building workspace] INFO  o.e.m.c.i.l.LifecycleMappingFactory - Using org.maven.ide.eclipse.wtp.WarLifecycleMapping lifecycle mapping for MavenProject: org.ljw:mall-manager:0.0.1-SNAPSHOT @ D:\fjny\mall-manager\pom.xml.
2020-09-15 16:59:49,486 [Worker-81: Building workspace] WARN  o.e.m.c.i.embedder.EclipseLogger - The POM for com.alibaba:druid:jar:1.0.9 is invalid, transitive dependencies (if any) will not be available, enable debug logging for more details
2020-09-15 16:59:49,519 [Worker-81: Building workspace] INFO  o.e.m.c.i.p.WorkspaceClassifierResolverManager - Resolving P/mall-common: org.ljw:mall-common:0.0.1-SNAPSHOT with classifier  to /mall-common/target/classes
2020-09-15 16:59:49,836 [Worker-81: Building workspace] INFO  o.e.m.c.i.p.WorkspaceClassifierResolverManager - Resolving P/mall-common: org.ljw:mall-common:0.0.1-SNAPSHOT with classifier  to /mall-common/target/classes
2020-09-15 16:59:49,957 [Worker-81: Building workspace] INFO  o.e.m.c.i.embedder.EclipseLogger - Using 'UTF-8' encoding to copy filtered resources.
2020-09-15 16:59:49,957 [Worker-81: Building workspace] INFO  o.e.m.c.i.embedder.EclipseLogger - Copying 0 resource
2020-09-15 16:59:49,958 [Worker-81: Building workspace] INFO  o.e.m.c.i.embedder.EclipseLogger - Using 'UTF-8' encoding to copy filtered resources.
2020-09-15 16:59:49,958 [Worker-81: Building workspace] INFO  o.e.m.c.i.embedder.EclipseLogger - Copying 0 resource
2020-09-15 16:59:49,958 [Worker-81: Building workspace] INFO  o.e.m.w.i.f.ResourceFilteringBuildParticipant - Changed resources require a complete clean of filtered resources of mall-manager
2020-09-15 16:59:49,958 [Worker-81: Building workspace] INFO  o.e.m.w.i.f.ResourceFilteringBuildParticipant - Executing resource filtering for mall-manager
2020-09-15 16:59:49,961 [Worker-81: Building workspace] INFO  o.e.m.c.i.embedder.EclipseLogger - Using 'UTF-8' encoding to copy filtered resources.
2020-09-15 17:00:04,697 [Worker-76: Launching mall-deplogy] INFO  o.e.m.i.launch.MavenLaunchDelegate - D:\fjny\mall-manager
2020-09-15 17:00:04,698 [Worker-76: Launching mall-deplogy] INFO  o.e.m.i.launch.MavenLaunchDelegate -  mvn -B tomcat7:deploy
